app/build/intermediates/manifest_merge_blame_file/debug/manifest-merger-blame-debug-report.txt
1<?xml version="1.0" encoding="utf-8"?>
2<manifest xmlns:android="http://schemas.android.com/apk/res/android"
3    xmlns:uses-feature="http://schemas.android.com/apk/res-auto"
4    package="org.rowland.trecktraker"
5    android:versionCode="1"
6    android:versionName="1.0" >
7
8    <uses-sdk
9        android:minSdkVersion="26"
9-->src\main\AndroidManifest.xml
10        android:targetSdkVersion="26" />
10-->src\main\AndroidManifest.xml
11
12    <!--
13         The ACCESS_COARSE/FINE_LOCATION permissions are not required to use
14         Google Maps Android API v2, but you must specify either coarse or fine
15         location permissions for the 'MyLocation' functionality. 
16    -->
17    <uses-permission android:name="android.permission.ACCESS_FINE_LOCATION" />
17-->src\main\AndroidManifest.xml:11:5-79
17-->src\main\AndroidManifest.xml:11:22-76
18    <uses-permission android:name="android.permission.CAMERA" />
18-->src\main\AndroidManifest.xml:12:5-65
18-->src\main\AndroidManifest.xml:12:22-62
19    <uses-permission android:name="android.permission.WRITE_EXTERNAL_STORAGE" />
19-->src\main\AndroidManifest.xml:13:5-81
19-->src\main\AndroidManifest.xml:13:22-78
20    <uses-permission android:name="android.permission.INTERNET" />
20-->src\main\AndroidManifest.xml:14:5-67
20-->src\main\AndroidManifest.xml:14:22-64
21    <uses-permission android:name="android.permission.ACCESS_NETWORK_STATE" />
21-->src\main\AndroidManifest.xml:15:5-79
21-->src\main\AndroidManifest.xml:15:22-76
22    <!-- <uses-feature android:name="android.hardware.camera2.full" /> -->
23    <uses-feature android:name="android.hardware.camera" />
23-->src\main\AndroidManifest.xml:17:5-60
23-->src\main\AndroidManifest.xml:17:19-57
24    <uses-feature android:name="android.hardware.camera.autofocus" />
24-->src\main\AndroidManifest.xml:18:5-70
24-->src\main\AndroidManifest.xml:18:19-67
25
26    <uses-permission
26-->src\main\AndroidManifest.xml:19:5-20:50
27        android:name="android.permission.SYSTEM_ALERT_WINDOW"
27-->src\main\AndroidManifest.xml:19:22-75
28        android:windowSoftInputMode="adjustPan" />
28-->src\main\AndroidManifest.xml:20:9-48
29
30    <uses-feature
30-->[com.google.android.gms:play-services-maps:11.0.2] AndroidManifest.xml:21:5-77
31        android:glEsVersion="0x00020000"
31-->[com.google.android.gms:play-services-maps:11.0.2] AndroidManifest.xml:21:19-51
32        android:required="true" />
32-->[com.google.android.gms:play-services-maps:11.0.2] AndroidManifest.xml:21:52-75
33
34    <uses-permission android:name="android.permission.GET_TASKS" /> <!-- Optional permission for Analytics to run. -->
34-->[pl.allegro.android:fogger:0.9.0] AndroidManifest.xml:27:5-68
34-->[pl.allegro.android:fogger:0.9.0] AndroidManifest.xml:27:22-65
35    <uses-permission android:name="android.permission.WAKE_LOCK" /> <!-- Permissions required for GCM -->
35-->[com.google.android.gms:play-services-analytics:11.0.2] AndroidManifest.xml:24:5-67
35-->[com.google.android.gms:play-services-analytics:11.0.2] AndroidManifest.xml:24:22-65
36    <uses-permission android:name="com.google.android.c2dm.permission.RECEIVE" />
36-->[com.google.android.gms:play-services-gcm:11.0.2] AndroidManifest.xml:20:5-81
36-->[com.google.android.gms:play-services-gcm:11.0.2] AndroidManifest.xml:20:22-79
37
38    <permission
38-->[com.google.firebase:firebase-iid:11.0.2] AndroidManifest.xml:24:5-109
39        android:name="org.rowland.trecktraker.permission.C2D_MESSAGE"
39-->[com.google.firebase:firebase-iid:11.0.2] AndroidManifest.xml:24:17-71
40        android:protectionLevel="signature" />
40-->[com.google.firebase:firebase-iid:11.0.2] AndroidManifest.xml:24:72-107
41
42    <uses-permission android:name="org.rowland.trecktraker.permission.C2D_MESSAGE" />
42-->[com.google.firebase:firebase-iid:11.0.2] AndroidManifest.xml:26:5-78
42-->[com.google.firebase:firebase-iid:11.0.2] AndroidManifest.xml:26:22-76
43
44    <application
44-->src\main\AndroidManifest.xml:23:5-60:19
45        android:allowBackup="true"
45-->src\main\AndroidManifest.xml:24:9-35
46        android:debuggable="true"
47        android:extractNativeLibs="false"
48        android:icon="@mipmap/mountain_pic_2"
48-->src\main\AndroidManifest.xml:25:9-46
49        android:label="@string/app_name"
49-->src\main\AndroidManifest.xml:26:9-41
50        android:roundIcon="@mipmap/mountain_pic_2"
50-->src\main\AndroidManifest.xml:27:9-51
51        android:supportsRtl="true"
51-->src\main\AndroidManifest.xml:28:9-35
52        android:theme="@style/AppTheme" >
52-->src\main\AndroidManifest.xml:29:9-40
53        <activity android:name="org.rowland.mountainClimber.MountainList" >
53-->src\main\AndroidManifest.xml:31:9-37:20
53-->src\main\AndroidManifest.xml:31:19-74
54            <intent-filter>
54-->src\main\AndroidManifest.xml:32:13-36:29
55                <action android:name="android.intent.action.MAIN" />
55-->src\main\AndroidManifest.xml:33:17-69
55-->src\main\AndroidManifest.xml:33:25-66
56
57                <category android:name="android.intent.category.LAUNCHER" />
57-->src\main\AndroidManifest.xml:35:17-77
57-->src\main\AndroidManifest.xml:35:27-74
58            </intent-filter>
59        </activity>
60        <activity android:name="org.rowland.mountainClimber.Details" />
60-->src\main\AndroidManifest.xml:38:9-72
60-->src\main\AndroidManifest.xml:38:19-69
61
62        <!--
63             The API key for Google Maps-based APIs is defined as a string resource.
64             (See the file "res/values/google_maps_api.xml").
65             Note that the API key is linked to the encryption key used to sign the APK.
66             You need a different API key for each encryption key, including the release key that is used to
67             sign the APK for publishing.
68             You can define the keys for the debug and release targets in src/debug/ and src/release/. 
69        -->
70
71        <meta-data
71-->src\main\AndroidManifest.xml:49:9-51:69
72            android:name="com.google.android.gms.version"
72-->src\main\AndroidManifest.xml:50:13-58
73            android:value="@integer/google_play_services_version" />
73-->src\main\AndroidManifest.xml:51:13-66
74        <meta-data
74-->src\main\AndroidManifest.xml:52:9-54:71
75            android:name="com.google.android.geo.API_KEY"
75-->src\main\AndroidManifest.xml:53:13-58
76            android:value="AIzaSyBcgzGSCy8Z9OR-hN-yF5apz-UGByTJOLU" />
76-->src\main\AndroidManifest.xml:54:13-68
77
78        <activity android:name="org.rowland.mountainClimber.HikeTracker" />
78-->src\main\AndroidManifest.xml:56:9-76
78-->src\main\AndroidManifest.xml:56:19-73
79        <activity android:name="org.rowland.mountainClimber.HikeOverview" />
79-->src\main\AndroidManifest.xml:57:9-86
79-->src\main\AndroidManifest.xml:57:19-74
80
81        <service android:name="org.rowland.mountainClimber.LocationUpdatePendingIntent" />
81-->src\main\AndroidManifest.xml:59:9-63
81-->src\main\AndroidManifest.xml:59:18-61
82
83        <receiver android:name="com.google.android.gms.cast.framework.media.MediaIntentReceiver" />
83-->[com.google.android.gms:play-services-cast-framework:11.0.2] AndroidManifest.xml:5:9-99
83-->[com.google.android.gms:play-services-cast-framework:11.0.2] AndroidManifest.xml:5:19-97
84
85        <service android:name="com.google.android.gms.cast.framework.media.MediaNotificationService" />
85-->[com.google.android.gms:play-services-cast-framework:11.0.2] AndroidManifest.xml:6:9-103
85-->[com.google.android.gms:play-services-cast-framework:11.0.2] AndroidManifest.xml:6:18-101
86        <service android:name="com.google.android.gms.cast.framework.ReconnectionService" />
86-->[com.google.android.gms:play-services-cast-framework:11.0.2] AndroidManifest.xml:7:9-92
86-->[com.google.android.gms:play-services-cast-framework:11.0.2] AndroidManifest.xml:7:18-90
87
88        <activity
88-->[com.google.android.gms:play-services-appinvite:11.0.2] AndroidManifest.xml:20:9-25:20
89            android:name="com.google.android.gms.appinvite.PreviewActivity"
89-->[com.google.android.gms:play-services-appinvite:11.0.2] AndroidManifest.xml:20:19-50
90            android:exported="true"
90-->[com.google.android.gms:play-services-appinvite:11.0.2] AndroidManifest.xml:20:51-74
91            android:theme="@style/Theme.AppInvite.Preview" >
91-->[com.google.android.gms:play-services-appinvite:11.0.2] AndroidManifest.xml:20:75-121
92            <intent-filter>
92-->[com.google.android.gms:play-services-appinvite:11.0.2] AndroidManifest.xml:21:13-24:29
93                <action android:name="com.google.android.gms.appinvite.ACTION_PREVIEW" />
93-->[com.google.android.gms:play-services-appinvite:11.0.2] AndroidManifest.xml:22:17-89
93-->[com.google.android.gms:play-services-appinvite:11.0.2] AndroidManifest.xml:22:25-87
94
95                <category android:name="android.intent.category.DEFAULT" />
95-->[com.google.android.gms:play-services-appinvite:11.0.2] AndroidManifest.xml:23:17-75
95-->[com.google.android.gms:play-services-appinvite:11.0.2] AndroidManifest.xml:23:27-73
96            </intent-filter>
97        </activity>
98        <activity
98-->[com.google.android.gms:play-services-auth:11.0.2] AndroidManifest.xml:20:9-189
99            android:name="com.google.android.gms.auth.api.signin.internal.SignInHubActivity"
99-->[com.google.android.gms:play-services-auth:11.0.2] AndroidManifest.xml:20:19-68
100            android:excludeFromRecents="true"
100-->[com.google.android.gms:play-services-auth:11.0.2] AndroidManifest.xml:20:129-162
101            android:exported="false"
101-->[com.google.android.gms:play-services-auth:11.0.2] AndroidManifest.xml:20:163-187
102            android:theme="@android:style/Theme.Translucent.NoTitleBar" />
102-->[com.google.android.gms:play-services-auth:11.0.2] AndroidManifest.xml:20:69-128
103        <!--
104Service handling Google Sign-In user revocation. For apps that do not integrate with
105            Google Sign-In, this service will never be started.
106        -->
107        <service
107-->[com.google.android.gms:play-services-auth:11.0.2] AndroidManifest.xml:24:9-184
108            android:name="com.google.android.gms.auth.api.signin.RevocationBoundService"
108-->[com.google.android.gms:play-services-auth:11.0.2] AndroidManifest.xml:24:18-63
109            android:exported="true"
109-->[com.google.android.gms:play-services-auth:11.0.2] AndroidManifest.xml:24:64-87
110            android:permission="com.google.android.gms.auth.api.signin.permission.REVOCATION_NOTIFICATION" />
110-->[com.google.android.gms:play-services-auth:11.0.2] AndroidManifest.xml:24:88-182
111
112        <activity
112-->[com.google.android.gms:play-services-base:11.0.2] AndroidManifest.xml:19:9-172
113            android:name="com.google.android.gms.common.api.GoogleApiActivity"
113-->[com.google.android.gms:play-services-base:11.0.2] AndroidManifest.xml:19:19-85
114            android:exported="false"
114-->[com.google.android.gms:play-services-base:11.0.2] AndroidManifest.xml:19:146-170
115            android:theme="@android:style/Theme.Translucent.NoTitleBar" /> <!-- Include the AdActivity and InAppPurchaseActivity configChanges and themes. -->
115-->[com.google.android.gms:play-services-base:11.0.2] AndroidManifest.xml:19:86-145
116        <activity
116-->[com.google.android.gms:play-services-ads-lite:11.0.2] AndroidManifest.xml:25:9-232
117            android:name="com.google.android.gms.ads.AdActivity"
117-->[com.google.android.gms:play-services-ads-lite:11.0.2] AndroidManifest.xml:25:19-71
118            android:configChanges="keyboard|keyboardHidden|orientation|screenLayout|uiMode|screenSize|smallestScreenSize"
118-->[com.google.android.gms:play-services-ads-lite:11.0.2] AndroidManifest.xml:25:72-181
119            android:theme="@android:style/Theme.Translucent" />
119-->[com.google.android.gms:play-services-ads-lite:11.0.2] AndroidManifest.xml:25:182-230
120        <!--
121 FirebaseMessagingService performs security checks at runtime,
122             no need for explicit permissions despite exported="true"
123        -->
124        <service
124-->[com.google.firebase:firebase-messaging:11.0.2] AndroidManifest.xml:23:9-27:19
125            android:name="com.google.firebase.messaging.FirebaseMessagingService"
125-->[com.google.firebase:firebase-messaging:11.0.2] AndroidManifest.xml:23:18-87
126            android:exported="true" >
126-->[com.google.firebase:firebase-messaging:11.0.2] AndroidManifest.xml:23:88-111
127            <intent-filter android:priority="-500" >
127-->[com.google.firebase:firebase-messaging:11.0.2] AndroidManifest.xml:24:13-26:29
127-->[com.google.firebase:firebase-messaging:11.0.2] AndroidManifest.xml:24:28-51
128                <action android:name="com.google.firebase.MESSAGING_EVENT" />
128-->[com.google.firebase:firebase-messaging:11.0.2] AndroidManifest.xml:25:17-77
128-->[com.google.firebase:firebase-messaging:11.0.2] AndroidManifest.xml:25:25-75
129            </intent-filter>
130        </service>
131        <service
131-->[com.google.android.gms:play-services-tagmanager-api:11.0.2] AndroidManifest.xml:24:9-134
132            android:name="com.google.android.gms.tagmanager.TagManagerService"
132-->[com.google.android.gms:play-services-tagmanager-api:11.0.2] AndroidManifest.xml:24:18-84
133            android:enabled="true"
133-->[com.google.android.gms:play-services-tagmanager-api:11.0.2] AndroidManifest.xml:24:110-132
134            android:exported="false" />
134-->[com.google.android.gms:play-services-tagmanager-api:11.0.2] AndroidManifest.xml:24:85-109
135
136        <activity
136-->[com.google.android.gms:play-services-tagmanager-api:11.0.2] AndroidManifest.xml:25:9-32:20
137            android:name="com.google.android.gms.tagmanager.TagManagerPreviewActivity"
137-->[com.google.android.gms:play-services-tagmanager-api:11.0.2] AndroidManifest.xml:25:19-93
138            android:exported="true"
138-->[com.google.android.gms:play-services-tagmanager-api:11.0.2] AndroidManifest.xml:25:94-117
139            android:noHistory="true" > <!-- optional, removes the previewActivity from the activity stack. -->
139-->[com.google.android.gms:play-services-tagmanager-api:11.0.2] AndroidManifest.xml:25:118-142
140            <intent-filter>
140-->[com.google.android.gms:play-services-tagmanager-api:11.0.2] AndroidManifest.xml:26:13-31:29
141                <data android:scheme="tagmanager.c.org.rowland.trecktraker" />
141-->[com.google.android.gms:play-services-tagmanager-api:11.0.2] AndroidManifest.xml:27:17-71
141-->[com.google.android.gms:play-services-tagmanager-api:11.0.2] AndroidManifest.xml:27:23-69
142
143                <action android:name="android.intent.action.VIEW" />
143-->[com.google.android.gms:play-services-tagmanager-api:11.0.2] AndroidManifest.xml:28:17-68
143-->[com.google.android.gms:play-services-tagmanager-api:11.0.2] AndroidManifest.xml:28:25-66
144
145                <category android:name="android.intent.category.DEFAULT" />
145-->[com.google.android.gms:play-services-appinvite:11.0.2] AndroidManifest.xml:23:17-75
145-->[com.google.android.gms:play-services-appinvite:11.0.2] AndroidManifest.xml:23:27-73
146                <category android:name="android.intent.category.BROWSABLE" />
146-->[com.google.android.gms:play-services-tagmanager-api:11.0.2] AndroidManifest.xml:30:17-77
146-->[com.google.android.gms:play-services-tagmanager-api:11.0.2] AndroidManifest.xml:30:27-75
147            </intent-filter>
148        </activity>
149
150        <receiver
150-->[com.google.firebase:firebase-analytics:11.0.2] AndroidManifest.xml:25:7-26:18
151            android:name="com.google.android.gms.measurement.AppMeasurementReceiver"
151-->[com.google.firebase:firebase-analytics:11.0.2] AndroidManifest.xml:25:17-89
152            android:enabled="true"
152-->[com.google.firebase:firebase-analytics:11.0.2] AndroidManifest.xml:25:90-112
153            android:exported="false" >
153-->[com.google.firebase:firebase-analytics:11.0.2] AndroidManifest.xml:25:113-137
154        </receiver>
155        <receiver
155-->[com.google.firebase:firebase-analytics:11.0.2] AndroidManifest.xml:27:7-31:18
156            android:name="com.google.android.gms.measurement.AppMeasurementInstallReferrerReceiver"
156-->[com.google.firebase:firebase-analytics:11.0.2] AndroidManifest.xml:27:17-104
157            android:enabled="true"
157-->[com.google.firebase:firebase-analytics:11.0.2] AndroidManifest.xml:27:162-184
158            android:exported="true"
158-->[com.google.firebase:firebase-analytics:11.0.2] AndroidManifest.xml:27:185-208
159            android:permission="android.permission.INSTALL_PACKAGES" >
159-->[com.google.firebase:firebase-analytics:11.0.2] AndroidManifest.xml:27:105-161
160            <intent-filter>
160-->[com.google.firebase:firebase-analytics:11.0.2] AndroidManifest.xml:28:11-30:27
161                <action android:name="com.android.vending.INSTALL_REFERRER" />
161-->[com.google.firebase:firebase-analytics:11.0.2] AndroidManifest.xml:29:15-76
161-->[com.google.firebase:firebase-analytics:11.0.2] AndroidManifest.xml:29:23-74
162            </intent-filter>
163        </receiver>
164
165        <service
165-->[com.google.firebase:firebase-analytics:11.0.2] AndroidManifest.xml:32:7-137
166            android:name="com.google.android.gms.measurement.AppMeasurementService"
166-->[com.google.firebase:firebase-analytics:11.0.2] AndroidManifest.xml:32:16-87
167            android:enabled="true"
167-->[com.google.firebase:firebase-analytics:11.0.2] AndroidManifest.xml:32:88-110
168            android:exported="false" />
168-->[com.google.firebase:firebase-analytics:11.0.2] AndroidManifest.xml:32:111-135
169        <service
169-->[com.google.firebase:firebase-analytics:11.0.2] AndroidManifest.xml:33:7-197
170            android:name="com.google.android.gms.measurement.AppMeasurementJobService"
170-->[com.google.firebase:firebase-analytics:11.0.2] AndroidManifest.xml:33:16-90
171            android:enabled="true"
171-->[com.google.firebase:firebase-analytics:11.0.2] AndroidManifest.xml:33:148-170
172            android:exported="false"
172-->[com.google.firebase:firebase-analytics:11.0.2] AndroidManifest.xml:33:171-195
173            android:permission="android.permission.BIND_JOB_SERVICE" />
173-->[com.google.firebase:firebase-analytics:11.0.2] AndroidManifest.xml:33:91-147
174
175        <receiver
175-->[com.google.firebase:firebase-iid:11.0.2] AndroidManifest.xml:30:9-35:20
176            android:name="com.google.firebase.iid.FirebaseInstanceIdReceiver"
176-->[com.google.firebase:firebase-iid:11.0.2] AndroidManifest.xml:30:19-84
177            android:exported="true"
177-->[com.google.firebase:firebase-iid:11.0.2] AndroidManifest.xml:30:85-108
178            android:permission="com.google.android.c2dm.permission.SEND" >
178-->[com.google.firebase:firebase-iid:11.0.2] AndroidManifest.xml:30:109-169
179            <intent-filter>
179-->[com.google.firebase:firebase-iid:11.0.2] AndroidManifest.xml:31:13-34:29
180                <action android:name="com.google.android.c2dm.intent.RECEIVE" />
180-->[com.google.firebase:firebase-iid:11.0.2] AndroidManifest.xml:32:17-80
180-->[com.google.firebase:firebase-iid:11.0.2] AndroidManifest.xml:32:25-78
181
182                <category android:name="org.rowland.trecktraker" />
182-->[com.google.firebase:firebase-iid:11.0.2] AndroidManifest.xml:33:17-60
182-->[com.google.firebase:firebase-iid:11.0.2] AndroidManifest.xml:33:27-58
183            </intent-filter>
184        </receiver>
185        <!--
186 Internal (not exported) receiver used by the app to start its own exported services
187             without risk of being spoofed.
188        -->
189        <receiver
189-->[com.google.firebase:firebase-iid:11.0.2] AndroidManifest.xml:39:9-119
190            android:name="com.google.firebase.iid.FirebaseInstanceIdInternalReceiver"
190-->[com.google.firebase:firebase-iid:11.0.2] AndroidManifest.xml:39:19-92
191            android:exported="false" />
191-->[com.google.firebase:firebase-iid:11.0.2] AndroidManifest.xml:39:93-117
192        <!--
193 FirebaseInstanceIdService performs security checks at runtime,
194             no need for explicit permissions despite exported="true"
195        -->
196        <service
196-->[com.google.firebase:firebase-iid:11.0.2] AndroidManifest.xml:43:9-47:19
197            android:name="com.google.firebase.iid.FirebaseInstanceIdService"
197-->[com.google.firebase:firebase-iid:11.0.2] AndroidManifest.xml:43:18-82
198            android:exported="true" >
198-->[com.google.firebase:firebase-iid:11.0.2] AndroidManifest.xml:43:83-106
199            <intent-filter android:priority="-500" >
199-->[com.google.firebase:firebase-iid:11.0.2] AndroidManifest.xml:44:13-46:29
199-->[com.google.firebase:firebase-iid:11.0.2] AndroidManifest.xml:44:28-51
200                <action android:name="com.google.firebase.INSTANCE_ID_EVENT" />
200-->[com.google.firebase:firebase-iid:11.0.2] AndroidManifest.xml:45:17-79
200-->[com.google.firebase:firebase-iid:11.0.2] AndroidManifest.xml:45:25-77
201            </intent-filter>
202        </service>
203
204        <provider
204-->[com.google.firebase:firebase-common:11.0.2] AndroidManifest.xml:6:9-194
205            android:name="com.google.firebase.provider.FirebaseInitProvider"
205-->[com.google.firebase:firebase-common:11.0.2] AndroidManifest.xml:6:79-143
206            android:authorities="org.rowland.trecktraker.firebaseinitprovider"
206-->[com.google.firebase:firebase-common:11.0.2] AndroidManifest.xml:6:19-78
207            android:exported="false"
207-->[com.google.firebase:firebase-common:11.0.2] AndroidManifest.xml:6:144-168
208            android:initOrder="100" />
208-->[com.google.firebase:firebase-common:11.0.2] AndroidManifest.xml:6:169-192
209    </application>
210
211</manifest>